<?xml version="1.0" encoding="UTF-8"?>
<!-- Generated by org.testng.reporters.JUnitReportReporter -->
<testsuite hostname="DESKTOP-N8DSVKF" failures="0" tests="3" name="intrTrainingSeleniumWithRahul.StandAlonetest" time="86.781" errors="0" timestamp="2023-11-05T13:07:54 WAT" skipped="0">
  <testcase classname="intrTrainingSeleniumWithRahul.StandAlonetest" name="submitOrder" time="32.462"/>
  <testcase classname="intrTrainingSeleniumWithRahul.StandAlonetest" name="checkSubmittedorder" time="26.740"/>
  <testcase classname="intrTrainingSeleniumWithRahul.StandAlonetest" name="submitOrder" time="27.579"/>
</testsuite> <!-- intrTrainingSeleniumWithRahul.StandAlonetest -->
