<?xml version="1.0" encoding="UTF-8"?>
<!-- Generated by org.testng.reporters.JUnitReportReporter -->
<testsuite hostname="DESKTOP-N8DSVKF" failures="0" tests="2" name="cucumber.TestNGTestRunner" time="27.427" errors="0" timestamp="2023-10-29T23:08:58 WAT" skipped="0">
  <testcase classname="cucumber.TestNGTestRunner" name="runScenario" time="10.573"/>
  <testcase classname="cucumber.TestNGTestRunner" name="runScenario" time="16.854"/>
</testsuite> <!-- cucumber.TestNGTestRunner -->
