<?xml version="1.0" encoding="UTF-8"?>
<!-- Generated by org.testng.reporters.JUnitReportReporter -->
<testsuite hostname="DESKTOP-N8DSVKF" failures="0" tests="2" name="intrTrainingSeleniumWithRahul.FailedScenario" time="60.490" errors="0" timestamp="2023-11-05T13:07:54 WAT" skipped="0">
  <testcase classname="intrTrainingSeleniumWithRahul.FailedScenario" name="failedConnexion" time="26.105"/>
  <testcase classname="intrTrainingSeleniumWithRahul.FailedScenario" name="failedAddedItemToCard" time="34.385"/>
</testsuite> <!-- intrTrainingSeleniumWithRahul.FailedScenario -->
