<?xml version="1.0" encoding="UTF-8"?>
<!-- Generated by org.testng.reporters.JUnitReportReporter -->
<testsuite hostname="DESKTOP-N8DSVKF" failures="0" tests="2" name="cucumber.TestNGTestRunner" time="73.875" errors="0" timestamp="2023-10-30T20:21:31 WAT" skipped="0">
  <testcase classname="cucumber.TestNGTestRunner" name="runScenario" time="23.936"/>
  <testcase classname="cucumber.TestNGTestRunner" name="runScenario" time="49.939"/>
</testsuite> <!-- cucumber.TestNGTestRunner -->
